2026-05-28 18:51:46,596 - __main__ - INFO - ログファイル: C:\Users\VRAINSolutionMakoFuj\workspace\Experiment\performance\experiment_20260528_185146.log
2026-05-28 18:51:46,607 - __main__ - INFO - === 複数データセット実験を開始: 27 件 ===
2026-05-28 18:51:46,607 - __main__ - INFO - [1/27] dataset-config: C:\Users\VRAINSolutionMakoFuj\workspace\ad-test-dataset-2026\datasets\button_battery\experimental_dataset_config.toml
2026-05-28 18:51:46,608 - __main__ - INFO - TOML設定ファイルから実験を実行: phoenix\pipeline\experiments\anomaly_detection\CPR\experiment_config.toml
2026-05-28 18:56:03,810 - phoenix.pipeline.experiments.anomaly_detection.CPR.algorithm - INFO - [CPR threshold] 閾値を設定しました: threshold=411.3240
2026-05-28 18:56:03,823 - phoenix.pipeline.experiments.anomaly_detection.CPR.algorithm - INFO - プロファイル結果を出力しました: C:\Users\VRAINSolutionMakoFuj\workspace\Experiment\performance\cpr\button_battery\train50\profile.json (phase=train)
2026-05-28 18:56:51,564 - phoenix.pipeline.experiments.anomaly_detection.CPR.algorithm - INFO - 学習済みモデルを削除しました: C:\Users\VRAINSolutionMakoFuj\workspace\Experiment\performance\cpr\button_battery\train50\model-output\train\04000.pth
2026-05-28 18:56:51,565 - phoenix.pipeline.experiments.anomaly_detection.CPR.algorithm - INFO - プロファイル結果を出力しました: C:\Users\VRAINSolutionMakoFuj\workspace\Experiment\performance\cpr\button_battery\train50\profile.json (phase=predict)
2026-05-28 18:57:14,481 - __main__ - INFO - === 実験結果 ===
2026-05-28 18:57:14,481 - __main__ - INFO -   [train50]
2026-05-28 18:57:14,481 - __main__ - INFO -     image_ap: 0.8199
2026-05-28 18:57:14,482 - __main__ - INFO -     pixel_auroc: 0.9465
2026-05-28 18:57:14,482 - __main__ - INFO -     pixel_ap: 0.1528
2026-05-28 18:57:14,482 - __main__ - INFO -     per_defect_image_auroc: 0.8346
2026-05-28 18:57:14,482 - __main__ - INFO -     per_defect_image_ap: 0.5587
2026-05-28 18:57:14,482 - __main__ - INFO -     per_defect_pixel_auroc: 0.9300
2026-05-28 18:57:14,482 - __main__ - INFO -     per_defect_pixel_ap: 0.0692
2026-05-28 18:57:14,482 - __main__ - INFO -     avg_inference_time_seconds: 0.0064
2026-05-28 18:57:14,482 - __main__ - INFO -     miss_rate_at_0.01: 0.0101
2026-05-28 18:57:14,483 - __main__ - INFO -     false_positive_rate_at_0.01: 0.6933
2026-05-28 18:57:14,483 - __main__ - INFO - [2/27] dataset-config: C:\Users\VRAINSolutionMakoFuj\workspace\ad-test-dataset-2026\datasets\end_cap\experimental_dataset_config.toml
2026-05-28 18:57:14,483 - __main__ - INFO - TOML設定ファイルから実験を実行: phoenix\pipeline\experiments\anomaly_detection\CPR\experiment_config.toml
2026-05-28 19:02:40,890 - phoenix.pipeline.experiments.anomaly_detection.CPR.algorithm - INFO - [CPR threshold] 閾値を設定しました: threshold=296.8830
2026-05-28 19:02:41,015 - phoenix.pipeline.experiments.anomaly_detection.CPR.algorithm - INFO - プロファイル結果を出力しました: C:\Users\VRAINSolutionMakoFuj\workspace\Experiment\performance\cpr\end_cap\train50\profile.json (phase=train)
2026-05-28 19:04:30,783 - phoenix.pipeline.experiments.anomaly_detection.CPR.algorithm - INFO - 学習済みモデルを削除しました: C:\Users\VRAINSolutionMakoFuj\workspace\Experiment\performance\cpr\end_cap\train50\model-output\train\04000.pth
2026-05-28 19:04:30,784 - phoenix.pipeline.experiments.anomaly_detection.CPR.algorithm - INFO - プロファイル結果を出力しました: C:\Users\VRAINSolutionMakoFuj\workspace\Experiment\performance\cpr\end_cap\train50\profile.json (phase=predict)
2026-05-28 19:04:53,232 - __main__ - INFO - === 実験結果 ===
2026-05-28 19:04:53,245 - __main__ - INFO -   [train50]
2026-05-28 19:04:53,245 - __main__ - INFO -     image_ap: 0.6519
2026-05-28 19:04:53,245 - __main__ - INFO -     pixel_auroc: 0.9507
2026-05-28 19:04:53,245 - __main__ - INFO -     pixel_ap: 0.0773
2026-05-28 19:04:53,245 - __main__ - INFO -     per_defect_image_auroc: 0.6738
2026-05-28 19:04:53,248 - __main__ - INFO -     per_defect_image_ap: 0.3342
2026-05-28 19:04:53,248 - __main__ - INFO -     per_defect_pixel_auroc: 0.9602
2026-05-28 19:04:53,249 - __main__ - INFO -     per_defect_pixel_ap: 0.0403
2026-05-28 19:04:53,249 - __main__ - INFO -     avg_inference_time_seconds: 0.0059
2026-05-28 19:04:53,249 - __main__ - INFO -     miss_rate_at_0.01: 0.0099
2026-05-28 19:04:53,249 - __main__ - INFO -     false_positive_rate_at_0.01: 0.8967
2026-05-28 19:04:53,249 - __main__ - INFO - [3/27] dataset-config: C:\Users\VRAINSolutionMakoFuj\workspace\ad-test-dataset-2026\datasets\eraser\experimental_dataset_config.toml
2026-05-28 19:04:53,249 - __main__ - INFO - TOML設定ファイルから実験を実行: phoenix\pipeline\experiments\anomaly_detection\CPR\experiment_config.toml
2026-05-28 19:09:08,935 - phoenix.pipeline.experiments.anomaly_detection.CPR.algorithm - INFO - [CPR threshold] 閾値を設定しました: threshold=182.1270
2026-05-28 19:09:08,948 - phoenix.pipeline.experiments.anomaly_detection.CPR.algorithm - INFO - プロファイル結果を出力しました: C:\Users\VRAINSolutionMakoFuj\workspace\Experiment\performance\cpr\eraser\train50\profile.json (phase=train)
2026-05-28 19:09:40,567 - phoenix.pipeline.experiments.anomaly_detection.CPR.algorithm - INFO - 学習済みモデルを削除しました: C:\Users\VRAINSolutionMakoFuj\workspace\Experiment\performance\cpr\eraser\train50\model-output\train\04000.pth
2026-05-28 19:09:40,568 - phoenix.pipeline.experiments.anomaly_detection.CPR.algorithm - INFO - プロファイル結果を出力しました: C:\Users\VRAINSolutionMakoFuj\workspace\Experiment\performance\cpr\eraser\train50\profile.json (phase=predict)
2026-05-28 19:09:52,569 - __main__ - INFO - === 実験結果 ===
2026-05-28 19:09:52,569 - __main__ - INFO -   [train50]
2026-05-28 19:09:52,570 - __main__ - INFO -     image_auroc: 0.8637
2026-05-28 19:09:52,570 - __main__ - INFO -     image_ap: 0.8458
2026-05-28 19:09:52,570 - __main__ - INFO -     pixel_auroc: 0.9874
2026-05-28 19:09:52,570 - __main__ - INFO -     pixel_ap: 0.3045
2026-05-28 19:09:52,571 - __main__ - INFO -     per_defect_image_auroc: 0.8221
2026-05-28 19:09:52,571 - __main__ - INFO -     per_defect_image_ap: 0.5510
2026-05-28 19:09:52,571 - __main__ - INFO -     per_defect_pixel_auroc: 0.9756
2026-05-28 19:09:52,572 - __main__ - INFO -     per_defect_pixel_ap: 0.1233
2026-05-28 19:09:52,572 - __main__ - INFO -     avg_inference_time_seconds: 0.0060
2026-05-28 19:09:52,572 - __main__ - INFO -     miss_rate_at_0.01: 0.0104
2026-05-28 19:09:52,572 - __main__ - INFO -     false_positive_rate_at_0.01: 0.9967
2026-05-28 19:09:52,573 - __main__ - INFO - [4/27] dataset-config: C:\Users\VRAINSolutionMakoFuj\workspace\ad-test-dataset-2026\datasets\fire_hood\experimental_dataset_config.toml
2026-05-28 19:09:52,573 - __main__ - INFO - TOML設定ファイルから実験を実行: phoenix\pipeline\experiments\anomaly_detection\CPR\experiment_config.toml
2026-05-28 19:14:17,682 - phoenix.pipeline.experiments.anomaly_detection.CPR.algorithm - INFO - [CPR threshold] 閾値を設定しました: threshold=179.6160
2026-05-28 19:14:17,683 - phoenix.pipeline.experiments.anomaly_detection.CPR.algorithm - INFO - プロファイル結果を出力しました: C:\Users\VRAINSolutionMakoFuj\workspace\Experiment\performance\cpr\fire_hood\train50\profile.json (phase=train)
2026-05-28 19:14:50,016 - phoenix.pipeline.experiments.anomaly_detection.CPR.algorithm - INFO - 学習済みモデルを削除しました: C:\Users\VRAINSolutionMakoFuj\workspace\Experiment\performance\cpr\fire_hood\train50\model-output\train\04000.pth
2026-05-28 19:14:50,017 - phoenix.pipeline.experiments.anomaly_detection.CPR.algorithm - INFO - プロファイル結果を出力しました: C:\Users\VRAINSolutionMakoFuj\workspace\Experiment\performance\cpr\fire_hood\train50\profile.json (phase=predict)
2026-05-28 19:15:01,428 - __main__ - INFO - === 実験結果 ===
2026-05-28 19:15:01,429 - __main__ - INFO -   [train50]
2026-05-28 19:15:01,429 - __main__ - INFO -     image_auroc: 0.8741
2026-05-28 19:15:01,429 - __main__ - INFO -     image_ap: 0.7309
2026-05-28 19:15:01,430 - __main__ - INFO -     pixel_auroc: 0.9724
2026-05-28 19:15:01,430 - __main__ - INFO -     pixel_ap: 0.1694
2026-05-28 19:15:01,430 - __main__ - INFO -     per_defect_image_auroc: 0.8868
2026-05-28 19:15:01,430 - __main__ - INFO -     per_defect_image_ap: 0.4502
2026-05-28 19:15:01,430 - __main__ - INFO -     per_defect_pixel_auroc: 0.9747
2026-05-28 19:15:01,431 - __main__ - INFO -     per_defect_pixel_ap: 0.0810
2026-05-28 19:15:01,431 - __main__ - INFO -     avg_inference_time_seconds: 0.0059
2026-05-28 19:15:01,431 - __main__ - INFO -     miss_rate_at_0.01: 0.0068
2026-05-28 19:15:01,431 - __main__ - INFO -     false_positive_rate_at_0.01: 0.9467
2026-05-28 19:15:01,432 - __main__ - INFO - [5/27] dataset-config: C:\Users\VRAINSolutionMakoFuj\workspace\ad-test-dataset-2026\datasets\mint\experimental_dataset_config.toml
2026-05-28 19:15:01,432 - __main__ - INFO - TOML設定ファイルから実験を実行: phoenix\pipeline\experiments\anomaly_detection\CPR\experiment_config.toml
2026-05-28 19:19:24,065 - phoenix.pipeline.experiments.anomaly_detection.CPR.algorithm - INFO - [CPR threshold] 閾値を設定しました: threshold=252.2820
2026-05-28 19:19:24,512 - phoenix.pipeline.experiments.anomaly_detection.CPR.algorithm - INFO - プロファイル結果を出力しました: C:\Users\VRAINSolutionMakoFuj\workspace\Experiment\performance\cpr\mint\train50\profile.json (phase=train)
2026-05-28 19:20:14,608 - phoenix.pipeline.experiments.anomaly_detection.CPR.algorithm - INFO - 学習済みモデルを削除しました: C:\Users\VRAINSolutionMakoFuj\workspace\Experiment\performance\cpr\mint\train50\model-output\train\04000.pth
2026-05-28 19:20:14,609 - phoenix.pipeline.experiments.anomaly_detection.CPR.algorithm - INFO - プロファイル結果を出力しました: C:\Users\VRAINSolutionMakoFuj\workspace\Experiment\performance\cpr\mint\train50\profile.json (phase=predict)
2026-05-28 19:20:26,795 - __main__ - INFO - === 実験結果 ===
2026-05-28 19:20:26,795 - __main__ - INFO -   [train50]
2026-05-28 19:20:26,795 - __main__ - INFO -     image_auroc: 0.5833
2026-05-28 19:20:26,796 - __main__ - INFO -     image_ap: 0.4052
2026-05-28 19:20:26,796 - __main__ - INFO -     pixel_auroc: 0.9467
2026-05-28 19:20:26,796 - __main__ - INFO -     pixel_ap: 0.0577
2026-05-28 19:20:26,796 - __main__ - INFO -     per_defect_image_auroc: 0.5833
2026-05-28 19:20:26,796 - __main__ - INFO -     per_defect_image_ap: 0.2753
2026-05-28 19:20:26,796 - __main__ - INFO -     per_defect_pixel_auroc: 0.9225
2026-05-28 19:20:26,796 - __main__ - INFO -     per_defect_pixel_ap: 0.0320
2026-05-28 19:20:26,796 - __main__ - INFO -     avg_inference_time_seconds: 0.0072
2026-05-28 19:20:26,797 - __main__ - INFO -     miss_rate_at_0.01: 0.0125
2026-05-28 19:20:26,797 - __main__ - INFO -     false_positive_rate_at_0.01: 0.9433
2026-05-28 19:20:26,797 - __main__ - INFO - [6/27] dataset-config: C:\Users\VRAINSolutionMakoFuj\workspace\ad-test-dataset-2026\datasets\mounts\experimental_dataset_config.toml
2026-05-28 19:20:26,797 - __main__ - INFO - TOML設定ファイルから実験を実行: phoenix\pipeline\experiments\anomaly_detection\CPR\experiment_config.toml
2026-05-28 19:24:20,687 - phoenix.pipeline.experiments.anomaly_detection.CPR.algorithm - INFO - [CPR threshold] 閾値を設定しました: threshold=227.7380
2026-05-28 19:24:20,688 - phoenix.pipeline.experiments.anomaly_detection.CPR.algorithm - INFO - プロファイル結果を出力しました: C:\Users\VRAINSolutionMakoFuj\workspace\Experiment\performance\cpr\mounts\train50\profile.json (phase=train)
2026-05-28 19:24:52,044 - phoenix.pipeline.experiments.anomaly_detection.CPR.algorithm - INFO - 学習済みモデルを削除しました: C:\Users\VRAINSolutionMakoFuj\workspace\Experiment\performance\cpr\mounts\train50\model-output\train\04000.pth
2026-05-28 19:24:52,045 - phoenix.pipeline.experiments.anomaly_detection.CPR.algorithm - INFO - プロファイル結果を出力しました: C:\Users\VRAINSolutionMakoFuj\workspace\Experiment\performance\cpr\mounts\train50\profile.json (phase=predict)
2026-05-28 19:25:05,699 - __main__ - INFO - === 実験結果 ===
2026-05-28 19:25:05,699 - __main__ - INFO -   [train50]
2026-05-28 19:25:05,699 - __main__ - INFO -     image_auroc: 0.7959
2026-05-28 19:25:05,699 - __main__ - INFO -     image_ap: 0.7643
2026-05-28 19:25:05,699 - __main__ - INFO -     pixel_auroc: 0.9933
2026-05-28 19:25:05,700 - __main__ - INFO -     pixel_ap: 0.3336
2026-05-28 19:25:05,700 - __main__ - INFO -     per_defect_image_auroc: 0.8385
2026-05-28 19:25:05,700 - __main__ - INFO -     per_defect_image_ap: 0.5474
2026-05-28 19:25:05,700 - __main__ - INFO -     per_defect_pixel_auroc: 0.9931
2026-05-28 19:25:05,700 - __main__ - INFO -     per_defect_pixel_ap: 0.1870
2026-05-28 19:25:05,700 - __main__ - INFO -     avg_inference_time_seconds: 0.0065
2026-05-28 19:25:05,700 - __main__ - INFO -     miss_rate_at_0.01: 0.0091
2026-05-28 19:25:05,700 - __main__ - INFO -     false_positive_rate_at_0.01: 0.8000
2026-05-28 19:25:05,701 - __main__ - INFO - [7/27] dataset-config: C:\Users\VRAINSolutionMakoFuj\workspace\ad-test-dataset-2026\datasets\pcb\experimental_dataset_config.toml
2026-05-28 19:25:05,701 - __main__ - INFO - TOML設定ファイルから実験を実行: phoenix\pipeline\experiments\anomaly_detection\CPR\experiment_config.toml
2026-05-28 19:29:25,106 - phoenix.pipeline.experiments.anomaly_detection.CPR.algorithm - INFO - [CPR threshold] 閾値を設定しました: threshold=492.1300
2026-05-28 19:29:25,107 - phoenix.pipeline.experiments.anomaly_detection.CPR.algorithm - INFO - プロファイル結果を出力しました: C:\Users\VRAINSolutionMakoFuj\workspace\Experiment\performance\cpr\pcb\train50\profile.json (phase=train)
2026-05-28 19:30:18,881 - phoenix.pipeline.experiments.anomaly_detection.CPR.algorithm - INFO - 学習済みモデルを削除しました: C:\Users\VRAINSolutionMakoFuj\workspace\Experiment\performance\cpr\pcb\train50\model-output\train\04000.pth
2026-05-28 19:30:18,882 - phoenix.pipeline.experiments.anomaly_detection.CPR.algorithm - INFO - プロファイル結果を出力しました: C:\Users\VRAINSolutionMakoFuj\workspace\Experiment\performance\cpr\pcb\train50\profile.json (phase=predict)
2026-05-28 19:30:43,130 - __main__ - INFO - === 実験結果 ===
2026-05-28 19:30:43,132 - __main__ - INFO -   [train50]
2026-05-28 19:30:43,132 - __main__ - INFO -     image_auroc: 0.7988
2026-05-28 19:30:43,132 - __main__ - INFO -     image_ap: 0.8512
2026-05-28 19:30:43,132 - __main__ - INFO -     pixel_auroc: 0.9236
2026-05-28 19:30:43,132 - __main__ - INFO -     pixel_ap: 0.0291
2026-05-28 19:30:43,133 - __main__ - INFO -     per_defect_image_auroc: 0.7921
2026-05-28 19:30:43,133 - __main__ - INFO -     per_defect_image_ap: 0.5839
2026-05-28 19:30:43,133 - __main__ - INFO -     per_defect_pixel_auroc: 0.9270
2026-05-28 19:30:43,133 - __main__ - INFO -     per_defect_pixel_ap: 0.0202
2026-05-28 19:30:43,133 - __main__ - INFO -     avg_inference_time_seconds: 0.0069
2026-05-28 19:30:43,133 - __main__ - INFO -     miss_rate_at_0.01: 0.0094
2026-05-28 19:30:43,133 - __main__ - INFO -     false_positive_rate_at_0.01: 0.7900
2026-05-28 19:30:43,134 - __main__ - INFO - [8/27] dataset-config: C:\Users\VRAINSolutionMakoFuj\workspace\ad-test-dataset-2026\datasets\phone_battery\experimental_dataset_config.toml
2026-05-28 19:30:43,134 - __main__ - INFO - TOML設定ファイルから実験を実行: phoenix\pipeline\experiments\anomaly_detection\CPR\experiment_config.toml
2026-05-28 19:35:03,048 - phoenix.pipeline.experiments.anomaly_detection.CPR.algorithm - INFO - [CPR threshold] 閾値を設定しました: threshold=220.4750
2026-05-28 19:35:03,049 - phoenix.pipeline.experiments.anomaly_detection.CPR.algorithm - INFO - プロファイル結果を出力しました: C:\Users\VRAINSolutionMakoFuj\workspace\Experiment\performance\cpr\phone_battery\train50\profile.json (phase=train)
2026-05-28 19:35:48,829 - phoenix.pipeline.experiments.anomaly_detection.CPR.algorithm - INFO - 学習済みモデルを削除しました: C:\Users\VRAINSolutionMakoFuj\workspace\Experiment\performance\cpr\phone_battery\train50\model-output\train\04000.pth
2026-05-28 19:35:48,830 - phoenix.pipeline.experiments.anomaly_detection.CPR.algorithm - INFO - プロファイル結果を出力しました: C:\Users\VRAINSolutionMakoFuj\workspace\Experiment\performance\cpr\phone_battery\train50\profile.json (phase=predict)
2026-05-28 19:36:03,678 - __main__ - INFO - === 実験結果 ===
2026-05-28 19:36:03,678 - __main__ - INFO -   [train50]
2026-05-28 19:36:03,678 - __main__ - INFO -     image_auroc: 0.8934
2026-05-28 19:36:03,679 - __main__ - INFO -     image_ap: 0.8878
2026-05-28 19:36:03,679 - __main__ - INFO -     pixel_auroc: 0.9842
2026-05-28 19:36:03,679 - __main__ - INFO -     pixel_ap: 0.3495
2026-05-28 19:36:03,679 - __main__ - INFO -     per_defect_image_auroc: 0.8208
2026-05-28 19:36:03,679 - __main__ - INFO -     per_defect_image_ap: 0.5172
2026-05-28 19:36:03,679 - __main__ - INFO -     per_defect_pixel_auroc: 0.9726
2026-05-28 19:36:03,679 - __main__ - INFO -     per_defect_pixel_ap: 0.1492
2026-05-28 19:36:03,679 - __main__ - INFO -     avg_inference_time_seconds: 0.0063
2026-05-28 19:36:03,680 - __main__ - INFO -     miss_rate_at_0.01: 0.0115
2026-05-28 19:36:03,680 - __main__ - INFO -     false_positive_rate_at_0.01: 0.8033
2026-05-28 19:36:03,680 - __main__ - INFO - [9/27] dataset-config: C:\Users\VRAINSolutionMakoFuj\workspace\ad-test-dataset-2026\datasets\plastic_nut\experimental_dataset_config.toml
2026-05-28 19:36:03,680 - __main__ - INFO - TOML設定ファイルから実験を実行: phoenix\pipeline\experiments\anomaly_detection\CPR\experiment_config.toml
2026-05-28 19:40:22,132 - phoenix.pipeline.experiments.anomaly_detection.CPR.algorithm - INFO - [CPR threshold] 閾値を設定しました: threshold=192.4470
2026-05-28 19:40:22,133 - phoenix.pipeline.experiments.anomaly_detection.CPR.algorithm - INFO - プロファイル結果を出力しました: C:\Users\VRAINSolutionMakoFuj\workspace\Experiment\performance\cpr\plastic_nut\train50\profile.json (phase=train)
2026-05-28 19:40:51,633 - phoenix.pipeline.experiments.anomaly_detection.CPR.algorithm - INFO - 学習済みモデルを削除しました: C:\Users\VRAINSolutionMakoFuj\workspace\Experiment\performance\cpr\plastic_nut\train50\model-output\train\04000.pth
2026-05-28 19:40:51,634 - phoenix.pipeline.experiments.anomaly_detection.CPR.algorithm - INFO - プロファイル結果を出力しました: C:\Users\VRAINSolutionMakoFuj\workspace\Experiment\performance\cpr\plastic_nut\train50\profile.json (phase=predict)
2026-05-28 19:41:03,674 - __main__ - INFO - === 実験結果 ===
2026-05-28 19:41:03,675 - __main__ - INFO -   [train50]
2026-05-28 19:41:03,675 - __main__ - INFO -     image_auroc: 0.7312
2026-05-28 19:41:03,676 - __main__ - INFO -     image_ap: 0.4807
2026-05-28 19:41:03,676 - __main__ - INFO -     pixel_auroc: 0.9748
2026-05-28 19:41:03,676 - __main__ - INFO -     pixel_ap: 0.1048
2026-05-28 19:41:03,677 - __main__ - INFO -     per_defect_image_auroc: 0.7561
2026-05-28 19:41:03,677 - __main__ - INFO -     per_defect_image_ap: 0.2802
2026-05-28 19:41:03,677 - __main__ - INFO -     per_defect_pixel_auroc: 0.9836
2026-05-28 19:41:03,677 - __main__ - INFO -     per_defect_pixel_ap: 0.0385
2026-05-28 19:41:03,677 - __main__ - INFO -     avg_inference_time_seconds: 0.0071
2026-05-28 19:41:03,678 - __main__ - INFO -     miss_rate_at_0.01: 0.0116
2026-05-28 19:41:03,678 - __main__ - INFO -     false_positive_rate_at_0.01: 0.9167
2026-05-28 19:41:03,678 - __main__ - INFO - [10/27] dataset-config: C:\Users\VRAINSolutionMakoFuj\workspace\ad-test-dataset-2026\datasets\plastic_plug\experimental_dataset_config.toml
2026-05-28 19:41:03,679 - __main__ - INFO - TOML設定ファイルから実験を実行: phoenix\pipeline\experiments\anomaly_detection\CPR\experiment_config.toml
2026-05-28 19:45:18,955 - phoenix.pipeline.experiments.anomaly_detection.CPR.algorithm - INFO - [CPR threshold] 閾値を設定しました: threshold=284.2270
2026-05-28 19:45:18,956 - phoenix.pipeline.experiments.anomaly_detection.CPR.algorithm - INFO - プロファイル結果を出力しました: C:\Users\VRAINSolutionMakoFuj\workspace\Experiment\performance\cpr\plastic_plug\train50\profile.json (phase=train)
2026-05-28 19:45:59,047 - phoenix.pipeline.experiments.anomaly_detection.CPR.algorithm - INFO - 学習済みモデルを削除しました: C:\Users\VRAINSolutionMakoFuj\workspace\Experiment\performance\cpr\plastic_plug\train50\model-output\train\04000.pth
2026-05-28 19:45:59,048 - phoenix.pipeline.experiments.anomaly_detection.CPR.algorithm - INFO - プロファイル結果を出力しました: C:\Users\VRAINSolutionMakoFuj\workspace\Experiment\performance\cpr\plastic_plug\train50\profile.json (phase=predict)
2026-05-28 19:46:13,242 - __main__ - INFO - === 実験結果 ===
2026-05-28 19:46:13,242 - __main__ - INFO -   [train50]
2026-05-28 19:46:13,242 - __main__ - INFO -     image_auroc: 0.8098
2026-05-28 19:46:13,243 - __main__ - INFO -     image_ap: 0.7452
2026-05-28 19:46:13,243 - __main__ - INFO -     pixel_auroc: 0.9881
2026-05-28 19:46:13,243 - __main__ - INFO -     pixel_ap: 0.2108
2026-05-28 19:46:13,243 - __main__ - INFO -     per_defect_image_auroc: 0.7972
2026-05-28 19:46:13,243 - __main__ - INFO -     per_defect_image_ap: 0.4011
2026-05-28 19:46:13,243 - __main__ - INFO -     per_defect_pixel_auroc: 0.9822
2026-05-28 19:46:13,243 - __main__ - INFO -     per_defect_pixel_ap: 0.0765
2026-05-28 19:46:13,244 - __main__ - INFO -     avg_inference_time_seconds: 0.0065
2026-05-28 19:46:13,244 - __main__ - INFO -     miss_rate_at_0.01: 0.0083
2026-05-28 19:46:13,244 - __main__ - INFO -     false_positive_rate_at_0.01: 0.9033
2026-05-28 19:46:13,244 - __main__ - INFO - [11/27] dataset-config: C:\Users\VRAINSolutionMakoFuj\workspace\ad-test-dataset-2026\datasets\porcelain_doll\experimental_dataset_config.toml
2026-05-28 19:46:13,244 - __main__ - INFO - TOML設定ファイルから実験を実行: phoenix\pipeline\experiments\anomaly_detection\CPR\experiment_config.toml
2026-05-28 19:50:41,812 - phoenix.pipeline.experiments.anomaly_detection.CPR.algorithm - INFO - [CPR threshold] 閾値を設定しました: threshold=148.4050
2026-05-28 19:50:41,855 - phoenix.pipeline.experiments.anomaly_detection.CPR.algorithm - INFO - プロファイル結果を出力しました: C:\Users\VRAINSolutionMakoFuj\workspace\Experiment\performance\cpr\porcelain_doll\train50\profile.json (phase=train)
2026-05-28 19:51:16,353 - phoenix.pipeline.experiments.anomaly_detection.CPR.algorithm - INFO - 学習済みモデルを削除しました: C:\Users\VRAINSolutionMakoFuj\workspace\Experiment\performance\cpr\porcelain_doll\train50\model-output\train\04000.pth
2026-05-28 19:51:16,354 - phoenix.pipeline.experiments.anomaly_detection.CPR.algorithm - INFO - プロファイル結果を出力しました: C:\Users\VRAINSolutionMakoFuj\workspace\Experiment\performance\cpr\porcelain_doll\train50\profile.json (phase=predict)
2026-05-28 19:51:27,199 - __main__ - INFO - === 実験結果 ===
2026-05-28 19:51:27,199 - __main__ - INFO -   [train50]
2026-05-28 19:51:27,199 - __main__ - INFO -     image_auroc: 0.7312
2026-05-28 19:51:27,199 - __main__ - INFO -     image_ap: 0.6436
2026-05-28 19:51:27,199 - __main__ - INFO -     pixel_auroc: 0.9841
2026-05-28 19:51:27,200 - __main__ - INFO -     pixel_ap: 0.1102
2026-05-28 19:51:27,200 - __main__ - INFO -     per_defect_image_auroc: 0.7210
2026-05-28 19:51:27,200 - __main__ - INFO -     per_defect_image_ap: 0.3849
2026-05-28 19:51:27,200 - __main__ - INFO -     per_defect_pixel_auroc: 0.9787
2026-05-28 19:51:27,200 - __main__ - INFO -     per_defect_pixel_ap: 0.0525
2026-05-28 19:51:27,200 - __main__ - INFO -     avg_inference_time_seconds: 0.0067
2026-05-28 19:51:27,200 - __main__ - INFO -     miss_rate_at_0.01: 0.0121
2026-05-28 19:51:27,201 - __main__ - INFO -     false_positive_rate_at_0.01: 0.9700
2026-05-28 19:51:27,201 - __main__ - INFO - [12/27] dataset-config: C:\Users\VRAINSolutionMakoFuj\workspace\ad-test-dataset-2026\datasets\regulator\experimental_dataset_config.toml
2026-05-28 19:51:27,201 - __main__ - INFO - TOML設定ファイルから実験を実行: phoenix\pipeline\experiments\anomaly_detection\CPR\experiment_config.toml
2026-05-28 19:55:27,898 - phoenix.pipeline.experiments.anomaly_detection.CPR.algorithm - INFO - [CPR threshold] 閾値を設定しました: threshold=99.0782
2026-05-28 19:55:27,899 - phoenix.pipeline.experiments.anomaly_detection.CPR.algorithm - INFO - プロファイル結果を出力しました: C:\Users\VRAINSolutionMakoFuj\workspace\Experiment\performance\cpr\regulator\train50\profile.json (phase=train)
2026-05-28 19:56:15,426 - phoenix.pipeline.experiments.anomaly_detection.CPR.algorithm - INFO - 学習済みモデルを削除しました: C:\Users\VRAINSolutionMakoFuj\workspace\Experiment\performance\cpr\regulator\train50\model-output\train\04000.pth
2026-05-28 19:56:15,427 - phoenix.pipeline.experiments.anomaly_detection.CPR.algorithm - INFO - プロファイル結果を出力しました: C:\Users\VRAINSolutionMakoFuj\workspace\Experiment\performance\cpr\regulator\train50\profile.json (phase=predict)
2026-05-28 19:56:22,927 - __main__ - INFO - === 実験結果 ===
2026-05-28 19:56:22,927 - __main__ - INFO -   [train50]
2026-05-28 19:56:22,928 - __main__ - INFO -     image_auroc: 0.8063
2026-05-28 19:56:22,928 - __main__ - INFO -     image_ap: 0.3879
2026-05-28 19:56:22,929 - __main__ - INFO -     pixel_auroc: 0.9821
2026-05-28 19:56:22,929 - __main__ - INFO -     pixel_ap: 0.0379
2026-05-28 19:56:22,929 - __main__ - INFO -     per_defect_image_auroc: 0.6308
2026-05-28 19:56:22,930 - __main__ - INFO -     per_defect_image_ap: 0.2055
2026-05-28 19:56:22,930 - __main__ - INFO -     per_defect_pixel_auroc: 0.9646
2026-05-28 19:56:22,930 - __main__ - INFO -     per_defect_pixel_ap: 0.0213
2026-05-28 19:56:22,930 - __main__ - INFO -     avg_inference_time_seconds: 0.0064
2026-05-28 19:56:22,931 - __main__ - INFO -     miss_rate_at_0.01: 0.0000
2026-05-28 19:56:22,931 - __main__ - INFO -     false_positive_rate_at_0.01: 0.9967
2026-05-28 19:56:22,931 - __main__ - INFO - [13/27] dataset-config: C:\Users\VRAINSolutionMakoFuj\workspace\ad-test-dataset-2026\datasets\rolled_strip_base\experimental_dataset_config.toml
2026-05-28 19:56:22,932 - __main__ - INFO - TOML設定ファイルから実験を実行: phoenix\pipeline\experiments\anomaly_detection\CPR\experiment_config.toml
2026-05-28 20:01:04,008 - phoenix.pipeline.experiments.anomaly_detection.CPR.algorithm - INFO - [CPR threshold] 閾値を設定しました: threshold=398.2490
2026-05-28 20:01:04,009 - phoenix.pipeline.experiments.anomaly_detection.CPR.algorithm - INFO - プロファイル結果を出力しました: C:\Users\VRAINSolutionMakoFuj\workspace\Experiment\performance\cpr\rolled_strip_base\train50\profile.json (phase=train)
2026-05-28 20:02:07,094 - phoenix.pipeline.experiments.anomaly_detection.CPR.algorithm - INFO - 学習済みモデルを削除しました: C:\Users\VRAINSolutionMakoFuj\workspace\Experiment\performance\cpr\rolled_strip_base\train50\model-output\train\04000.pth
2026-05-28 20:02:07,095 - phoenix.pipeline.experiments.anomaly_detection.CPR.algorithm - INFO - プロファイル結果を出力しました: C:\Users\VRAINSolutionMakoFuj\workspace\Experiment\performance\cpr\rolled_strip_base\train50\profile.json (phase=predict)
2026-05-28 20:02:43,004 - __main__ - INFO - === 実験結果 ===
2026-05-28 20:02:43,011 - __main__ - INFO -   [train50]
2026-05-28 20:02:43,011 - __main__ - INFO -     image_auroc: 0.9860
2026-05-28 20:02:43,011 - __main__ - INFO -     image_ap: 0.9914
2026-05-28 20:02:43,011 - __main__ - INFO -     pixel_auroc: 0.9976
2026-05-28 20:02:43,011 - __main__ - INFO -     pixel_ap: 0.4629
2026-05-28 20:02:43,012 - __main__ - INFO -     per_defect_image_auroc: 0.9858
2026-05-28 20:02:43,012 - __main__ - INFO -     per_defect_image_ap: 0.9749
2026-05-28 20:02:43,012 - __main__ - INFO -     per_defect_pixel_auroc: 0.9980
2026-05-28 20:02:43,012 - __main__ - INFO -     per_defect_pixel_ap: 0.3528
2026-05-28 20:02:43,012 - __main__ - INFO -     avg_inference_time_seconds: 0.0074
2026-05-28 20:02:43,012 - __main__ - INFO -     miss_rate_at_0.01: 0.0102
2026-05-28 20:02:43,012 - __main__ - INFO -     false_positive_rate_at_0.01: 0.1733
2026-05-28 20:02:43,013 - __main__ - INFO - [14/27] dataset-config: C:\Users\VRAINSolutionMakoFuj\workspace\ad-test-dataset-2026\datasets\switch\experimental_dataset_config.toml
2026-05-28 20:02:43,013 - __main__ - INFO - TOML設定ファイルから実験を実行: phoenix\pipeline\experiments\anomaly_detection\CPR\experiment_config.toml
2026-05-28 20:07:29,782 - phoenix.pipeline.experiments.anomaly_detection.CPR.algorithm - INFO - [CPR threshold] 閾値を設定しました: threshold=231.1040
2026-05-28 20:07:30,002 - phoenix.pipeline.experiments.anomaly_detection.CPR.algorithm - INFO - プロファイル結果を出力しました: C:\Users\VRAINSolutionMakoFuj\workspace\Experiment\performance\cpr\switch\train50\profile.json (phase=train)
2026-05-28 20:08:46,603 - phoenix.pipeline.experiments.anomaly_detection.CPR.algorithm - INFO - 学習済みモデルを削除しました: C:\Users\VRAINSolutionMakoFuj\workspace\Experiment\performance\cpr\switch\train50\model-output\train\04000.pth
2026-05-28 20:08:46,604 - phoenix.pipeline.experiments.anomaly_detection.CPR.algorithm - INFO - プロファイル結果を出力しました: C:\Users\VRAINSolutionMakoFuj\workspace\Experiment\performance\cpr\switch\train50\profile.json (phase=predict)
2026-05-28 20:09:10,180 - __main__ - INFO - === 実験結果 ===
2026-05-28 20:09:10,185 - __main__ - INFO -   [train50]
2026-05-28 20:09:10,186 - __main__ - INFO -     image_auroc: 0.9232
2026-05-28 20:09:10,186 - __main__ - INFO -     image_ap: 0.9546
2026-05-28 20:09:10,186 - __main__ - INFO -     pixel_auroc: 0.9845
2026-05-28 20:09:10,186 - __main__ - INFO -     pixel_ap: 0.2905
2026-05-28 20:09:10,186 - __main__ - INFO -     per_defect_image_auroc: 0.9244
2026-05-28 20:09:10,186 - __main__ - INFO -     per_defect_image_ap: 0.8883
2026-05-28 20:09:10,186 - __main__ - INFO -     per_defect_pixel_auroc: 0.9753
2026-05-28 20:09:10,187 - __main__ - INFO -     per_defect_pixel_ap: 0.2002
2026-05-28 20:09:10,187 - __main__ - INFO -     avg_inference_time_seconds: 0.0070
2026-05-28 20:09:10,187 - __main__ - INFO -     miss_rate_at_0.01: 0.0109
2026-05-28 20:09:10,187 - __main__ - INFO -     false_positive_rate_at_0.01: 0.7133
2026-05-28 20:09:10,187 - __main__ - INFO - [15/27] dataset-config: C:\Users\VRAINSolutionMakoFuj\workspace\ad-test-dataset-2026\datasets\tape\experimental_dataset_config.toml
2026-05-28 20:09:10,187 - __main__ - INFO - TOML設定ファイルから実験を実行: phoenix\pipeline\experiments\anomaly_detection\CPR\experiment_config.toml
2026-05-28 20:13:25,847 - phoenix.pipeline.experiments.anomaly_detection.CPR.algorithm - INFO - [CPR threshold] 閾値を設定しました: threshold=258.1790
2026-05-28 20:13:25,848 - phoenix.pipeline.experiments.anomaly_detection.CPR.algorithm - INFO - プロファイル結果を出力しました: C:\Users\VRAINSolutionMakoFuj\workspace\Experiment\performance\cpr\tape\train50\profile.json (phase=train)
2026-05-28 20:13:56,506 - phoenix.pipeline.experiments.anomaly_detection.CPR.algorithm - INFO - 学習済みモデルを削除しました: C:\Users\VRAINSolutionMakoFuj\workspace\Experiment\performance\cpr\tape\train50\model-output\train\04000.pth
2026-05-28 20:13:56,507 - phoenix.pipeline.experiments.anomaly_detection.CPR.algorithm - INFO - プロファイル結果を出力しました: C:\Users\VRAINSolutionMakoFuj\workspace\Experiment\performance\cpr\tape\train50\profile.json (phase=predict)
2026-05-28 20:14:09,091 - __main__ - INFO - === 実験結果 ===
2026-05-28 20:14:09,091 - __main__ - INFO -   [train50]
2026-05-28 20:14:09,091 - __main__ - INFO -     image_auroc: 0.9621
2026-05-28 20:14:09,091 - __main__ - INFO -     image_ap: 0.9441
2026-05-28 20:14:09,092 - __main__ - INFO -     pixel_auroc: 0.9911
2026-05-28 20:14:09,092 - __main__ - INFO -     pixel_ap: 0.2416
2026-05-28 20:14:09,092 - __main__ - INFO -     per_defect_image_auroc: 0.9541
2026-05-28 20:14:09,092 - __main__ - INFO -     per_defect_image_ap: 0.8084
2026-05-28 20:14:09,092 - __main__ - INFO -     per_defect_pixel_auroc: 0.9931
2026-05-28 20:14:09,092 - __main__ - INFO -     per_defect_pixel_ap: 0.1346
2026-05-28 20:14:09,093 - __main__ - INFO -     avg_inference_time_seconds: 0.0070
2026-05-28 20:14:09,093 - __main__ - INFO -     miss_rate_at_0.01: 0.0099
2026-05-28 20:14:09,093 - __main__ - INFO -     false_positive_rate_at_0.01: 0.4300
2026-05-28 20:14:09,093 - __main__ - INFO - [16/27] dataset-config: C:\Users\VRAINSolutionMakoFuj\workspace\ad-test-dataset-2026\datasets\terminalblock\experimental_dataset_config.toml
2026-05-28 20:14:09,093 - __main__ - INFO - TOML設定ファイルから実験を実行: phoenix\pipeline\experiments\anomaly_detection\CPR\experiment_config.toml
2026-05-28 20:18:29,780 - phoenix.pipeline.experiments.anomaly_detection.CPR.algorithm - INFO - [CPR threshold] 閾値を設定しました: threshold=281.4550
2026-05-28 20:18:29,781 - phoenix.pipeline.experiments.anomaly_detection.CPR.algorithm - INFO - プロファイル結果を出力しました: C:\Users\VRAINSolutionMakoFuj\workspace\Experiment\performance\cpr\terminalblock\train50\profile.json (phase=train)
2026-05-28 20:19:10,165 - phoenix.pipeline.experiments.anomaly_detection.CPR.algorithm - INFO - 学習済みモデルを削除しました: C:\Users\VRAINSolutionMakoFuj\workspace\Experiment\performance\cpr\terminalblock\train50\model-output\train\04000.pth
2026-05-28 20:19:10,166 - phoenix.pipeline.experiments.anomaly_detection.CPR.algorithm - INFO - プロファイル結果を出力しました: C:\Users\VRAINSolutionMakoFuj\workspace\Experiment\performance\cpr\terminalblock\train50\profile.json (phase=predict)
2026-05-28 20:19:28,659 - __main__ - INFO - === 実験結果 ===
2026-05-28 20:19:28,660 - __main__ - INFO -   [train50]
2026-05-28 20:19:28,660 - __main__ - INFO -     image_auroc: 0.8193
2026-05-28 20:19:28,660 - __main__ - INFO -     image_ap: 0.8615
2026-05-28 20:19:28,660 - __main__ - INFO -     pixel_auroc: 0.9971
2026-05-28 20:19:28,660 - __main__ - INFO -     pixel_ap: 0.3541
2026-05-28 20:19:28,661 - __main__ - INFO -     per_defect_image_auroc: 0.8282
2026-05-28 20:19:28,661 - __main__ - INFO -     per_defect_image_ap: 0.7317
2026-05-28 20:19:28,661 - __main__ - INFO -     per_defect_pixel_auroc: 0.9969
2026-05-28 20:19:28,661 - __main__ - INFO -     per_defect_pixel_ap: 0.2207
2026-05-28 20:19:28,661 - __main__ - INFO -     avg_inference_time_seconds: 0.0072
2026-05-28 20:19:28,661 - __main__ - INFO -     miss_rate_at_0.01: 0.0108
2026-05-28 20:19:28,661 - __main__ - INFO -     false_positive_rate_at_0.01: 0.7933
2026-05-28 20:19:28,662 - __main__ - INFO - [17/27] dataset-config: C:\Users\VRAINSolutionMakoFuj\workspace\ad-test-dataset-2026\datasets\toy\experimental_dataset_config.toml
2026-05-28 20:19:28,662 - __main__ - INFO - TOML設定ファイルから実験を実行: phoenix\pipeline\experiments\anomaly_detection\CPR\experiment_config.toml
2026-05-28 20:24:07,591 - phoenix.pipeline.experiments.anomaly_detection.CPR.algorithm - INFO - [CPR threshold] 閾値を設定しました: threshold=481.9770
2026-05-28 20:24:07,592 - phoenix.pipeline.experiments.anomaly_detection.CPR.algorithm - INFO - プロファイル結果を出力しました: C:\Users\VRAINSolutionMakoFuj\workspace\Experiment\performance\cpr\toy\train50\profile.json (phase=train)
2026-05-28 20:24:52,786 - phoenix.pipeline.experiments.anomaly_detection.CPR.algorithm - INFO - 学習済みモデルを削除しました: C:\Users\VRAINSolutionMakoFuj\workspace\Experiment\performance\cpr\toy\train50\model-output\train\04000.pth
2026-05-28 20:24:52,787 - phoenix.pipeline.experiments.anomaly_detection.CPR.algorithm - INFO - プロファイル結果を出力しました: C:\Users\VRAINSolutionMakoFuj\workspace\Experiment\performance\cpr\toy\train50\profile.json (phase=predict)
2026-05-28 20:25:15,219 - __main__ - INFO - === 実験結果 ===
2026-05-28 20:25:15,219 - __main__ - INFO -   [train50]
2026-05-28 20:25:15,220 - __main__ - INFO -     image_auroc: 0.7167
2026-05-28 20:25:15,220 - __main__ - INFO -     image_ap: 0.7760
2026-05-28 20:25:15,220 - __main__ - INFO -     pixel_auroc: 0.9642
2026-05-28 20:25:15,220 - __main__ - INFO -     pixel_ap: 0.1515
2026-05-28 20:25:15,220 - __main__ - INFO -     per_defect_image_auroc: 0.7174
2026-05-28 20:25:15,221 - __main__ - INFO -     per_defect_image_ap: 0.5913
2026-05-28 20:25:15,221 - __main__ - INFO -     per_defect_pixel_auroc: 0.9408
2026-05-28 20:25:15,221 - __main__ - INFO -     per_defect_pixel_ap: 0.1297
2026-05-28 20:25:15,221 - __main__ - INFO -     avg_inference_time_seconds: 0.0071
2026-05-28 20:25:15,221 - __main__ - INFO -     miss_rate_at_0.01: 0.0112
2026-05-28 20:25:15,221 - __main__ - INFO -     false_positive_rate_at_0.01: 0.6467
2026-05-28 20:25:15,221 - __main__ - INFO - [18/27] dataset-config: C:\Users\VRAINSolutionMakoFuj\workspace\ad-test-dataset-2026\datasets\toy_brick\experimental_dataset_config.toml
2026-05-28 20:25:15,222 - __main__ - INFO - TOML設定ファイルから実験を実行: phoenix\pipeline\experiments\anomaly_detection\CPR\experiment_config.toml
2026-05-28 20:29:52,936 - phoenix.pipeline.experiments.anomaly_detection.CPR.algorithm - INFO - [CPR threshold] 閾値を設定しました: threshold=255.1640
2026-05-28 20:29:52,937 - phoenix.pipeline.experiments.anomaly_detection.CPR.algorithm - INFO - プロファイル結果を出力しました: C:\Users\VRAINSolutionMakoFuj\workspace\Experiment\performance\cpr\toy_brick\train50\profile.json (phase=train)
2026-05-28 20:30:47,329 - phoenix.pipeline.experiments.anomaly_detection.CPR.algorithm - INFO - 学習済みモデルを削除しました: C:\Users\VRAINSolutionMakoFuj\workspace\Experiment\performance\cpr\toy_brick\train50\model-output\train\04000.pth
2026-05-28 20:30:47,330 - phoenix.pipeline.experiments.anomaly_detection.CPR.algorithm - INFO - プロファイル結果を出力しました: C:\Users\VRAINSolutionMakoFuj\workspace\Experiment\performance\cpr\toy_brick\train50\profile.json (phase=predict)
2026-05-28 20:31:09,513 - __main__ - INFO - === 実験結果 ===
2026-05-28 20:31:09,514 - __main__ - INFO -   [train50]
2026-05-28 20:31:09,514 - __main__ - INFO -     image_auroc: 0.8121
2026-05-28 20:31:09,514 - __main__ - INFO -     image_ap: 0.8032
2026-05-28 20:31:09,514 - __main__ - INFO -     pixel_auroc: 0.9746
2026-05-28 20:31:09,515 - __main__ - INFO -     pixel_ap: 0.2445
2026-05-28 20:31:09,515 - __main__ - INFO -     per_defect_image_auroc: 0.8136
2026-05-28 20:31:09,515 - __main__ - INFO -     per_defect_image_ap: 0.5788
2026-05-28 20:31:09,515 - __main__ - INFO -     per_defect_pixel_auroc: 0.9755
2026-05-28 20:31:09,515 - __main__ - INFO -     per_defect_pixel_ap: 0.1111
2026-05-28 20:31:09,515 - __main__ - INFO -     avg_inference_time_seconds: 0.0080
2026-05-28 20:31:09,515 - __main__ - INFO -     miss_rate_at_0.01: 0.0083
2026-05-28 20:31:09,515 - __main__ - INFO -     false_positive_rate_at_0.01: 0.9667
2026-05-28 20:31:09,516 - __main__ - INFO - [19/27] dataset-config: C:\Users\VRAINSolutionMakoFuj\workspace\ad-test-dataset-2026\datasets\transistor1\experimental_dataset_config.toml
2026-05-28 20:31:09,516 - __main__ - INFO - TOML設定ファイルから実験を実行: phoenix\pipeline\experiments\anomaly_detection\CPR\experiment_config.toml
2026-05-28 20:35:41,125 - phoenix.pipeline.experiments.anomaly_detection.CPR.algorithm - INFO - [CPR threshold] 閾値を設定しました: threshold=557.2070
2026-05-28 20:35:41,126 - phoenix.pipeline.experiments.anomaly_detection.CPR.algorithm - INFO - プロファイル結果を出力しました: C:\Users\VRAINSolutionMakoFuj\workspace\Experiment\performance\cpr\transistor1\train50\profile.json (phase=train)
2026-05-28 20:36:35,372 - phoenix.pipeline.experiments.anomaly_detection.CPR.algorithm - INFO - 学習済みモデルを削除しました: C:\Users\VRAINSolutionMakoFuj\workspace\Experiment\performance\cpr\transistor1\train50\model-output\train\04000.pth
2026-05-28 20:36:35,373 - phoenix.pipeline.experiments.anomaly_detection.CPR.algorithm - INFO - プロファイル結果を出力しました: C:\Users\VRAINSolutionMakoFuj\workspace\Experiment\performance\cpr\transistor1\train50\profile.json (phase=predict)
2026-05-28 20:37:06,560 - __main__ - INFO - === 実験結果 ===
2026-05-28 20:37:06,562 - __main__ - INFO -   [train50]
2026-05-28 20:37:06,562 - __main__ - INFO -     image_auroc: 0.6192
2026-05-28 20:37:06,563 - __main__ - INFO -     image_ap: 0.7475
2026-05-28 20:37:06,563 - __main__ - INFO -     pixel_auroc: 0.9594
2026-05-28 20:37:06,563 - __main__ - INFO -     pixel_ap: 0.0687
2026-05-28 20:37:06,563 - __main__ - INFO -     per_defect_image_auroc: 0.6132
2026-05-28 20:37:06,563 - __main__ - INFO -     per_defect_image_ap: 0.5228
2026-05-28 20:37:06,563 - __main__ - INFO -     per_defect_pixel_auroc: 0.9538
2026-05-28 20:37:06,564 - __main__ - INFO -     per_defect_pixel_ap: 0.0473
2026-05-28 20:37:06,564 - __main__ - INFO -     avg_inference_time_seconds: 0.0072
2026-05-28 20:37:06,564 - __main__ - INFO -     miss_rate_at_0.01: 0.0089
2026-05-28 20:37:06,564 - __main__ - INFO -     false_positive_rate_at_0.01: 0.9433
2026-05-28 20:37:06,564 - __main__ - INFO - [20/27] dataset-config: C:\Users\VRAINSolutionMakoFuj\workspace\ad-test-dataset-2026\datasets\u_block\experimental_dataset_config.toml
2026-05-28 20:37:06,564 - __main__ - INFO - TOML設定ファイルから実験を実行: phoenix\pipeline\experiments\anomaly_detection\CPR\experiment_config.toml
2026-05-28 20:41:33,609 - phoenix.pipeline.experiments.anomaly_detection.CPR.algorithm - INFO - [CPR threshold] 閾値を設定しました: threshold=149.2340
2026-05-28 20:41:33,611 - phoenix.pipeline.experiments.anomaly_detection.CPR.algorithm - INFO - プロファイル結果を出力しました: C:\Users\VRAINSolutionMakoFuj\workspace\Experiment\performance\cpr\u_block\train50\profile.json (phase=train)
2026-05-28 20:42:07,442 - phoenix.pipeline.experiments.anomaly_detection.CPR.algorithm - INFO - 学習済みモデルを削除しました: C:\Users\VRAINSolutionMakoFuj\workspace\Experiment\performance\cpr\u_block\train50\model-output\train\04000.pth
2026-05-28 20:42:07,443 - phoenix.pipeline.experiments.anomaly_detection.CPR.algorithm - INFO - プロファイル結果を出力しました: C:\Users\VRAINSolutionMakoFuj\workspace\Experiment\performance\cpr\u_block\train50\profile.json (phase=predict)
2026-05-28 20:42:19,920 - __main__ - INFO - === 実験結果 ===
2026-05-28 20:42:19,921 - __main__ - INFO -   [train50]
2026-05-28 20:42:19,921 - __main__ - INFO -     image_auroc: 0.7305
2026-05-28 20:42:19,921 - __main__ - INFO -     image_ap: 0.4868
2026-05-28 20:42:19,921 - __main__ - INFO -     pixel_auroc: 0.9883
2026-05-28 20:42:19,922 - __main__ - INFO -     pixel_ap: 0.1077
2026-05-28 20:42:19,922 - __main__ - INFO -     per_defect_image_auroc: 0.7207
2026-05-28 20:42:19,922 - __main__ - INFO -     per_defect_image_ap: 0.2204
2026-05-28 20:42:19,922 - __main__ - INFO -     per_defect_pixel_auroc: 0.9777
2026-05-28 20:42:19,923 - __main__ - INFO -     per_defect_pixel_ap: 0.0450
2026-05-28 20:42:19,923 - __main__ - INFO -     avg_inference_time_seconds: 0.0067
2026-05-28 20:42:19,923 - __main__ - INFO -     miss_rate_at_0.01: 0.0096
2026-05-28 20:42:19,923 - __main__ - INFO -     false_positive_rate_at_0.01: 0.9733
2026-05-28 20:42:19,924 - __main__ - INFO - [21/27] dataset-config: C:\Users\VRAINSolutionMakoFuj\workspace\ad-test-dataset-2026\datasets\usb\experimental_dataset_config.toml
2026-05-28 20:42:19,924 - __main__ - INFO - TOML設定ファイルから実験を実行: phoenix\pipeline\experiments\anomaly_detection\CPR\experiment_config.toml
2026-05-28 20:46:53,432 - phoenix.pipeline.experiments.anomaly_detection.CPR.algorithm - INFO - [CPR threshold] 閾値を設定しました: threshold=177.0800
2026-05-28 20:46:53,433 - phoenix.pipeline.experiments.anomaly_detection.CPR.algorithm - INFO - プロファイル結果を出力しました: C:\Users\VRAINSolutionMakoFuj\workspace\Experiment\performance\cpr\usb\train50\profile.json (phase=train)
2026-05-28 20:47:34,045 - phoenix.pipeline.experiments.anomaly_detection.CPR.algorithm - INFO - 学習済みモデルを削除しました: C:\Users\VRAINSolutionMakoFuj\workspace\Experiment\performance\cpr\usb\train50\model-output\train\04000.pth
2026-05-28 20:47:34,046 - phoenix.pipeline.experiments.anomaly_detection.CPR.algorithm - INFO - プロファイル結果を出力しました: C:\Users\VRAINSolutionMakoFuj\workspace\Experiment\performance\cpr\usb\train50\profile.json (phase=predict)
2026-05-28 20:47:51,825 - __main__ - INFO - === 実験結果 ===
2026-05-28 20:47:51,826 - __main__ - INFO -   [train50]
2026-05-28 20:47:51,826 - __main__ - INFO -     image_auroc: 0.9031
2026-05-28 20:47:51,826 - __main__ - INFO -     image_ap: 0.8842
2026-05-28 20:47:51,826 - __main__ - INFO -     pixel_auroc: 0.9886
2026-05-28 20:47:51,826 - __main__ - INFO -     pixel_ap: 0.2648
2026-05-28 20:47:51,827 - __main__ - INFO -     per_defect_image_auroc: 0.8790
2026-05-28 20:47:51,827 - __main__ - INFO -     per_defect_image_ap: 0.5775
2026-05-28 20:47:51,827 - __main__ - INFO -     per_defect_pixel_auroc: 0.9797
2026-05-28 20:47:51,827 - __main__ - INFO -     per_defect_pixel_ap: 0.1023
2026-05-28 20:47:51,827 - __main__ - INFO -     avg_inference_time_seconds: 0.0064
2026-05-28 20:47:51,827 - __main__ - INFO -     miss_rate_at_0.01: 0.0106
2026-05-28 20:47:51,827 - __main__ - INFO -     false_positive_rate_at_0.01: 0.9300
2026-05-28 20:47:51,828 - __main__ - INFO - [22/27] dataset-config: C:\Users\VRAINSolutionMakoFuj\workspace\ad-test-dataset-2026\datasets\usb_adaptor\experimental_dataset_config.toml
2026-05-28 20:47:51,828 - __main__ - INFO - TOML設定ファイルから実験を実行: phoenix\pipeline\experiments\anomaly_detection\CPR\experiment_config.toml
2026-05-28 20:52:19,975 - phoenix.pipeline.experiments.anomaly_detection.CPR.algorithm - INFO - [CPR threshold] 閾値を設定しました: threshold=194.2570
2026-05-28 20:52:19,976 - phoenix.pipeline.experiments.anomaly_detection.CPR.algorithm - INFO - プロファイル結果を出力しました: C:\Users\VRAINSolutionMakoFuj\workspace\Experiment\performance\cpr\usb_adaptor\train50\profile.json (phase=train)
2026-05-28 20:53:08,099 - phoenix.pipeline.experiments.anomaly_detection.CPR.algorithm - INFO - 学習済みモデルを削除しました: C:\Users\VRAINSolutionMakoFuj\workspace\Experiment\performance\cpr\usb_adaptor\train50\model-output\train\04000.pth
2026-05-28 20:53:08,100 - phoenix.pipeline.experiments.anomaly_detection.CPR.algorithm - INFO - プロファイル結果を出力しました: C:\Users\VRAINSolutionMakoFuj\workspace\Experiment\performance\cpr\usb_adaptor\train50\profile.json (phase=predict)
2026-05-28 20:53:28,020 - __main__ - INFO - === 実験結果 ===
2026-05-28 20:53:28,020 - __main__ - INFO -   [train50]
2026-05-28 20:53:28,020 - __main__ - INFO -     image_auroc: 0.7034
2026-05-28 20:53:28,021 - __main__ - INFO -     image_ap: 0.7218
2026-05-28 20:53:28,021 - __main__ - INFO -     pixel_auroc: 0.9624
2026-05-28 20:53:28,021 - __main__ - INFO -     pixel_ap: 0.1416
2026-05-28 20:53:28,021 - __main__ - INFO -     per_defect_image_auroc: 0.6848
2026-05-28 20:53:28,021 - __main__ - INFO -     per_defect_image_ap: 0.4601
2026-05-28 20:53:28,021 - __main__ - INFO -     per_defect_pixel_auroc: 0.9432
2026-05-28 20:53:28,021 - __main__ - INFO -     per_defect_pixel_ap: 0.0697
2026-05-28 20:53:28,021 - __main__ - INFO -     avg_inference_time_seconds: 0.0064
2026-05-28 20:53:28,022 - __main__ - INFO -     miss_rate_at_0.01: 0.0085
2026-05-28 20:53:28,022 - __main__ - INFO -     false_positive_rate_at_0.01: 0.9533
2026-05-28 20:53:28,022 - __main__ - INFO - [23/27] dataset-config: C:\Users\VRAINSolutionMakoFuj\workspace\ad-test-dataset-2026\datasets\vcpill\experimental_dataset_config.toml
2026-05-28 20:53:28,022 - __main__ - INFO - TOML設定ファイルから実験を実行: phoenix\pipeline\experiments\anomaly_detection\CPR\experiment_config.toml
2026-05-29 07:13:33,405 - phoenix.pipeline.experiments.anomaly_detection.CPR.algorithm - INFO - [CPR threshold] 閾値を設定しました: threshold=202.5310
2026-05-29 07:13:33,406 - phoenix.pipeline.experiments.anomaly_detection.CPR.algorithm - INFO - プロファイル結果を出力しました: C:\Users\VRAINSolutionMakoFuj\workspace\Experiment\performance\cpr\vcpill\train50\profile.json (phase=train)
2026-05-29 07:14:10,840 - phoenix.pipeline.experiments.anomaly_detection.CPR.algorithm - INFO - 学習済みモデルを削除しました: C:\Users\VRAINSolutionMakoFuj\workspace\Experiment\performance\cpr\vcpill\train50\model-output\train\04000.pth
2026-05-29 07:14:10,841 - phoenix.pipeline.experiments.anomaly_detection.CPR.algorithm - INFO - プロファイル結果を出力しました: C:\Users\VRAINSolutionMakoFuj\workspace\Experiment\performance\cpr\vcpill\train50\profile.json (phase=predict)
2026-05-29 07:14:28,979 - __main__ - INFO - === 実験結果 ===
2026-05-29 07:14:28,979 - __main__ - INFO -   [train50]
2026-05-29 07:14:28,980 - __main__ - INFO -     image_auroc: 0.8065
2026-05-29 07:14:28,980 - __main__ - INFO -     image_ap: 0.7743
2026-05-29 07:14:28,980 - __main__ - INFO -     pixel_auroc: 0.9554
2026-05-29 07:14:28,980 - __main__ - INFO -     pixel_ap: 0.2498
2026-05-29 07:14:28,980 - __main__ - INFO -     per_defect_image_auroc: 0.7505
2026-05-29 07:14:28,980 - __main__ - INFO -     per_defect_image_ap: 0.4980
2026-05-29 07:14:28,981 - __main__ - INFO -     per_defect_pixel_auroc: 0.9520
2026-05-29 07:14:28,981 - __main__ - INFO -     per_defect_pixel_ap: 0.1260
2026-05-29 07:14:28,981 - __main__ - INFO -     avg_inference_time_seconds: 0.0065
2026-05-29 07:14:28,981 - __main__ - INFO -     miss_rate_at_0.01: 0.0106
2026-05-29 07:14:28,981 - __main__ - INFO -     false_positive_rate_at_0.01: 0.9600
2026-05-29 07:14:28,981 - __main__ - INFO - [24/27] dataset-config: C:\Users\VRAINSolutionMakoFuj\workspace\ad-test-dataset-2026\datasets\woodstick\experimental_dataset_config.toml
2026-05-29 07:14:28,981 - __main__ - INFO - TOML設定ファイルから実験を実行: phoenix\pipeline\experiments\anomaly_detection\CPR\experiment_config.toml
2026-05-29 07:19:03,107 - phoenix.pipeline.experiments.anomaly_detection.CPR.algorithm - INFO - [CPR threshold] 閾値を設定しました: threshold=268.1040
2026-05-29 07:19:03,109 - phoenix.pipeline.experiments.anomaly_detection.CPR.algorithm - INFO - プロファイル結果を出力しました: C:\Users\VRAINSolutionMakoFuj\workspace\Experiment\performance\cpr\woodstick\train50\profile.json (phase=train)
2026-05-29 07:19:43,540 - phoenix.pipeline.experiments.anomaly_detection.CPR.algorithm - INFO - 学習済みモデルを削除しました: C:\Users\VRAINSolutionMakoFuj\workspace\Experiment\performance\cpr\woodstick\train50\model-output\train\04000.pth
2026-05-29 07:19:43,543 - phoenix.pipeline.experiments.anomaly_detection.CPR.algorithm - INFO - プロファイル結果を出力しました: C:\Users\VRAINSolutionMakoFuj\workspace\Experiment\performance\cpr\woodstick\train50\profile.json (phase=predict)
2026-05-29 07:19:58,947 - __main__ - INFO - === 実験結果 ===
2026-05-29 07:19:58,948 - __main__ - INFO -   [train50]
2026-05-29 07:19:58,948 - __main__ - INFO -     image_auroc: 0.8970
2026-05-29 07:19:58,948 - __main__ - INFO -     image_ap: 0.7555
2026-05-29 07:19:58,949 - __main__ - INFO -     pixel_auroc: 0.9730
2026-05-29 07:19:58,950 - __main__ - INFO -     pixel_ap: 0.2016
2026-05-29 07:19:58,950 - __main__ - INFO -     per_defect_image_auroc: 0.8755
2026-05-29 07:19:58,950 - __main__ - INFO -     per_defect_image_ap: 0.4440
2026-05-29 07:19:58,951 - __main__ - INFO -     per_defect_pixel_auroc: 0.9377
2026-05-29 07:19:58,951 - __main__ - INFO -     per_defect_pixel_ap: 0.0574
2026-05-29 07:19:58,951 - __main__ - INFO -     avg_inference_time_seconds: 0.0070
2026-05-29 07:19:58,952 - __main__ - INFO -     miss_rate_at_0.01: 0.0105
2026-05-29 07:19:58,952 - __main__ - INFO -     false_positive_rate_at_0.01: 0.8200
2026-05-29 07:19:58,952 - __main__ - INFO - [25/27] dataset-config: C:\Users\VRAINSolutionMakoFuj\workspace\ad-test-dataset-2026\datasets\zipper\experimental_dataset_config.toml
2026-05-29 07:19:58,953 - __main__ - INFO - TOML設定ファイルから実験を実行: phoenix\pipeline\experiments\anomaly_detection\CPR\experiment_config.toml
2026-05-29 07:25:44,116 - phoenix.pipeline.experiments.anomaly_detection.CPR.algorithm - INFO - [CPR threshold] 閾値を設定しました: threshold=556.8120
2026-05-29 07:25:44,118 - phoenix.pipeline.experiments.anomaly_detection.CPR.algorithm - INFO - プロファイル結果を出力しました: C:\Users\VRAINSolutionMakoFuj\workspace\Experiment\performance\cpr\zipper\train50\profile.json (phase=train)
2026-05-29 07:26:59,246 - phoenix.pipeline.experiments.anomaly_detection.CPR.algorithm - INFO - 学習済みモデルを削除しました: C:\Users\VRAINSolutionMakoFuj\workspace\Experiment\performance\cpr\zipper\train50\model-output\train\04000.pth
2026-05-29 07:26:59,248 - phoenix.pipeline.experiments.anomaly_detection.CPR.algorithm - INFO - プロファイル結果を出力しました: C:\Users\VRAINSolutionMakoFuj\workspace\Experiment\performance\cpr\zipper\train50\profile.json (phase=predict)
2026-05-29 07:27:38,912 - __main__ - INFO - === 実験結果 ===
2026-05-29 07:27:38,918 - __main__ - INFO -   [train50]
2026-05-29 07:27:38,918 - __main__ - INFO -     image_auroc: 0.9795
2026-05-29 07:27:38,918 - __main__ - INFO -     image_ap: 0.9839
2026-05-29 07:27:38,919 - __main__ - INFO -     pixel_auroc: 0.9641
2026-05-29 07:27:38,919 - __main__ - INFO -     pixel_ap: 0.1926
2026-05-29 07:27:38,919 - __main__ - INFO -     per_defect_image_auroc: 0.9793
2026-05-29 07:27:38,919 - __main__ - INFO -     per_defect_image_ap: 0.9396
2026-05-29 07:27:38,919 - __main__ - INFO -     per_defect_pixel_auroc: 0.9817
2026-05-29 07:27:38,919 - __main__ - INFO -     per_defect_pixel_ap: 0.1824
2026-05-29 07:27:38,920 - __main__ - INFO -     avg_inference_time_seconds: 0.0064
2026-05-29 07:27:38,920 - __main__ - INFO -     miss_rate_at_0.01: 0.0104
2026-05-29 07:27:38,920 - __main__ - INFO -     false_positive_rate_at_0.01: 0.1633
2026-05-29 07:27:38,920 - __main__ - INFO - [26/27] dataset-config: C:\Users\VRAINSolutionMakoFuj\workspace\ad-test-dataset-2026\datasets\audiojack\experimental_dataset_config.toml
2026-05-29 07:27:38,920 - __main__ - INFO - TOML設定ファイルから実験を実行: phoenix\pipeline\experiments\anomaly_detection\CPR\experiment_config.toml
2026-05-29 07:31:39,442 - phoenix.pipeline.experiments.anomaly_detection.CPR.algorithm - INFO - [CPR threshold] 閾値を設定しました: threshold=299.6890
2026-05-29 07:31:39,444 - phoenix.pipeline.experiments.anomaly_detection.CPR.algorithm - INFO - プロファイル結果を出力しました: C:\Users\VRAINSolutionMakoFuj\workspace\Experiment\performance\cpr\audiojack\train50\profile.json (phase=train)
2026-05-29 07:32:10,508 - phoenix.pipeline.experiments.anomaly_detection.CPR.algorithm - INFO - 学習済みモデルを削除しました: C:\Users\VRAINSolutionMakoFuj\workspace\Experiment\performance\cpr\audiojack\train50\model-output\train\04000.pth
2026-05-29 07:32:10,510 - phoenix.pipeline.experiments.anomaly_detection.CPR.algorithm - INFO - プロファイル結果を出力しました: C:\Users\VRAINSolutionMakoFuj\workspace\Experiment\performance\cpr\audiojack\train50\profile.json (phase=predict)
2026-05-29 07:32:25,023 - __main__ - INFO - === 実験結果 ===
2026-05-29 07:32:25,023 - __main__ - INFO -   [train50]
2026-05-29 07:32:25,023 - __main__ - INFO -     image_auroc: 0.8753
2026-05-29 07:32:25,023 - __main__ - INFO -     image_ap: 0.8577
2026-05-29 07:32:25,024 - __main__ - INFO -     pixel_auroc: 0.9765
2026-05-29 07:32:25,024 - __main__ - INFO -     pixel_ap: 0.1535
2026-05-29 07:32:25,024 - __main__ - INFO -     per_defect_image_auroc: 0.8608
2026-05-29 07:32:25,024 - __main__ - INFO -     per_defect_image_ap: 0.4712
2026-05-29 07:32:25,024 - __main__ - INFO -     per_defect_pixel_auroc: 0.9250
2026-05-29 07:32:25,025 - __main__ - INFO -     per_defect_pixel_ap: 0.0542
2026-05-29 07:32:25,025 - __main__ - INFO -     avg_inference_time_seconds: 0.0067
2026-05-29 07:32:25,025 - __main__ - INFO -     miss_rate_at_0.01: 0.0108
2026-05-29 07:32:25,025 - __main__ - INFO -     false_positive_rate_at_0.01: 0.8467
2026-05-29 07:32:25,025 - __main__ - INFO - [27/27] dataset-config: C:\Users\VRAINSolutionMakoFuj\workspace\ad-test-dataset-2026\datasets\bottle_cap\experimental_dataset_config.toml
2026-05-29 07:32:25,026 - __main__ - INFO - TOML設定ファイルから実験を実行: phoenix\pipeline\experiments\anomaly_detection\CPR\experiment_config.toml
2026-05-29 07:36:35,348 - phoenix.pipeline.experiments.anomaly_detection.CPR.algorithm - INFO - [CPR threshold] 閾値を設定しました: threshold=189.7630
2026-05-29 07:36:35,350 - phoenix.pipeline.experiments.anomaly_detection.CPR.algorithm - INFO - プロファイル結果を出力しました: C:\Users\VRAINSolutionMakoFuj\workspace\Experiment\performance\cpr\bottle_cap\train50\profile.json (phase=train)
2026-05-29 07:37:10,798 - phoenix.pipeline.experiments.anomaly_detection.CPR.algorithm - INFO - 学習済みモデルを削除しました: C:\Users\VRAINSolutionMakoFuj\workspace\Experiment\performance\cpr\bottle_cap\train50\model-output\train\04000.pth
2026-05-29 07:37:10,801 - phoenix.pipeline.experiments.anomaly_detection.CPR.algorithm - INFO - プロファイル結果を出力しました: C:\Users\VRAINSolutionMakoFuj\workspace\Experiment\performance\cpr\bottle_cap\train50\profile.json (phase=predict)
2026-05-29 07:37:27,588 - __main__ - INFO - === 実験結果 ===
2026-05-29 07:37:27,589 - __main__ - INFO -   [train50]
2026-05-29 07:37:27,589 - __main__ - INFO -     image_auroc: 0.8022
2026-05-29 07:37:27,590 - __main__ - INFO -     image_ap: 0.7212
2026-05-29 07:37:27,590 - __main__ - INFO -     pixel_auroc: 0.9857
2026-05-29 07:37:27,590 - __main__ - INFO -     pixel_ap: 0.1515
2026-05-29 07:37:27,590 - __main__ - INFO -     per_defect_image_auroc: 0.8324
2026-05-29 07:37:27,590 - __main__ - INFO -     per_defect_image_ap: 0.4362
2026-05-29 07:37:27,591 - __main__ - INFO -     per_defect_pixel_auroc: 0.9874
2026-05-29 07:37:27,591 - __main__ - INFO -     per_defect_pixel_ap: 0.1182
2026-05-29 07:37:27,591 - __main__ - INFO -     avg_inference_time_seconds: 0.0068
2026-05-29 07:37:27,591 - __main__ - INFO -     miss_rate_at_0.01: 0.0097
2026-05-29 07:37:27,591 - __main__ - INFO -     false_positive_rate_at_0.01: 0.8600
